<?xml version="1.0" encoding="UTF-8"?>
<!-- Generated by org.testng.reporters.JUnitReportReporter -->
<testsuite hostname="LAPTOP-14TTRDV2" failures="0" tests="1" name="pack1_maven.LoginTest" time="30.562" errors="0" timestamp="2022-06-24T22:18:41 HAE" skipped="0">
  <testcase classname="pack1_maven.LoginTest" name="synchTest" time="30.562"/>
  <system-out/>
</testsuite> <!-- pack1_maven.LoginTest -->
